<?xml version="1.0" encoding="UTF-8"?>
<!-- Generated by org.testng.reporters.JUnitXMLReporter -->
<testsuite ignored="0" hostname="DESKTOP-0N1SQP8" failures="0" tests="1" name="TestonFirefox" time="0.046" errors="0" timestamp="2024-07-09T23:04:10 TRT">
  <testcase classname="Enocta.BaseClass" name="@BeforeClass beforeClass" time="0.031">
    <failure type="java.lang.IllegalStateException" message="The driver executable does not exist: C:\Users\90533\Desktop\MASAÜSTÜ2\EnoctaVakaCalismasi\..\..\geckodriver.exe">
      <![CDATA[java.lang.IllegalStateException: The driver executable does not exist: C:\Users\90533\Desktop\MASAÜSTÜ2\EnoctaVakaCalismasi\..\..\geckodriver.exe
at com.google.common.base.Preconditions.checkState(Preconditions.java:585)
at org.openqa.selenium.remote.service.DriverService.checkExecutable(DriverService.java:146)
at org.openqa.selenium.remote.service.DriverService.findExecutable(DriverService.java:141)
at org.openqa.selenium.firefox.GeckoDriverService.access$100(GeckoDriverService.java:44)
at org.openqa.selenium.firefox.GeckoDriverService$Builder.findDefaultExecutable(GeckoDriverService.java:167)
at org.openqa.selenium.remote.service.DriverService$Builder.build(DriverService.java:355)
at org.openqa.selenium.firefox.FirefoxDriver.toExecutor(FirefoxDriver.java:190)
at org.openqa.selenium.firefox.FirefoxDriver.<init>(FirefoxDriver.java:147)
at org.openqa.selenium.firefox.FirefoxDriver.<init>(FirefoxDriver.java:125)
at Enocta.BaseClass.beforeClass(BaseClass.java:26)
at java.base/java.util.concurrent.ThreadPoolExecutor.runWorker(ThreadPoolExecutor.java:1128)
at java.base/java.util.concurrent.ThreadPoolExecutor$Worker.run(ThreadPoolExecutor.java:628)
at java.base/java.lang.Thread.run(Thread.java:834)
... Removed 10 stack frames]]>
    </failure>
  </testcase> <!-- @BeforeClass beforeClass -->
  <testcase classname="test.ProductOperationsFirefox" name="@BeforeClass beforeClass" time="-1.720555450432E9">
    <skipped/>
  </testcase> <!-- @BeforeClass beforeClass -->
  <testcase classname="test.ProductOperationsFirefox" name="openPageTest" time="0.0">
    <skipped/>
  </testcase> <!-- openPageTest -->
</testsuite> <!-- TestonFirefox -->
